This is pdfTeX, Version 3.14159265-2.6-1.40.18 (TeX Live 2017/Arch Linux) (preloaded format=pdflatex 2017.8.22)  30 AUG 2017 16:16
entering extended mode
 restricted \write18 enabled.
 %&-line parsing enabled.
**draftB.tex --shell-escape
(./draftB.tex
LaTeX2e <2017-04-15>
Babel <3.12> and hyphenation patterns for 84 language(s) loaded.
(/usr/share/texmf-dist/tex/latex/base/ltxdoc.cls
Document Class: ltxdoc 2017/03/13 v2.0v Standard LaTeX documentation class
(/usr/share/texmf-dist/tex/latex/base/article.cls
Document Class: article 2014/09/29 v1.4h Standard LaTeX document class
(/usr/share/texmf-dist/tex/latex/base/size10.clo
File: size10.clo 2014/09/29 v1.4h Standard LaTeX file (size option)
)
\c@part=\count79
\c@section=\count80
\c@subsection=\count81
\c@subsubsection=\count82
\c@paragraph=\count83
\c@subparagraph=\count84
\c@figure=\count85
\c@table=\count86
\abovecaptionskip=\skip41
\belowcaptionskip=\skip42
\bibindent=\dimen102
)
(/usr/share/texmf-dist/tex/latex/base/doc.sty
Package: doc 2016/02/15 v2.1g Standard LaTeX documentation package (FMi)
\c@StandardModuleDepth=\count87
\guard@level=\count88
\MacrocodeTopsep=\skip43
\MacroIndent=\dimen103
\macro@cnt=\count89
\MacroTopsep=\skip44
\index@excludelist=\toks14

(/usr/share/texmf-dist/tex/latex/tools/multicol.sty
Package: multicol 2017/04/11 v1.8q multicolumn formatting (FMi)
\c@tracingmulticols=\count90
\mult@box=\box26
\multicol@leftmargin=\dimen104
\c@unbalance=\count91
\c@collectmore=\count92
\doublecol@number=\count93
\multicoltolerance=\count94
\multicolpretolerance=\count95
\full@width=\dimen105
\page@free=\dimen106
\premulticols=\dimen107
\postmulticols=\dimen108
\multicolsep=\skip45
\multicolbaselineskip=\skip46
\partial@page=\box27
\last@line=\box28
\maxbalancingoverflow=\dimen109
\mult@rightbox=\box29
\mult@grightbox=\box30
\mult@gfirstbox=\box31
\mult@firstbox=\box32
\@tempa=\box33
\@tempa=\box34
\@tempa=\box35
\@tempa=\box36
\@tempa=\box37
\@tempa=\box38
\@tempa=\box39
\@tempa=\box40
\@tempa=\box41
\@tempa=\box42
\@tempa=\box43
\@tempa=\box44
\@tempa=\box45
\@tempa=\box46
\@tempa=\box47
\@tempa=\box48
\@tempa=\box49
\c@columnbadness=\count96
\c@finalcolumnbadness=\count97
\last@try=\dimen110
\multicolovershoot=\dimen111
\multicolundershoot=\dimen112
\mult@nat@firstbox=\box50
\colbreak@box=\box51
\mc@col@check@num=\count98
)
\IndexMin=\dimen113
\c@IndexColumns=\count99
\GlossaryMin=\dimen114
\c@GlossaryColumns=\count100
\check@sum=\count101
\bslash@cnt=\count102
\wrong@table=\toks15
\c@CodelineNo=\count103
))
(/usr/share/texmf-dist/tex/latex/geometry/geometry.sty
Package: geometry 2010/09/12 v5.6 Page Geometry

(/usr/share/texmf-dist/tex/latex/graphics/keyval.sty
Package: keyval 2014/10/28 v1.15 key=value parser (DPC)
\KV@toks@=\toks16
)
(/usr/share/texmf-dist/tex/generic/oberdiek/ifpdf.sty
Package: ifpdf 2017/03/15 v3.2 Provides the ifpdf switch
)
(/usr/share/texmf-dist/tex/generic/oberdiek/ifvtex.sty
Package: ifvtex 2016/05/16 v1.6 Detect VTeX and its facilities (HO)
Package ifvtex Info: VTeX not detected.
)
(/usr/share/texmf-dist/tex/generic/ifxetex/ifxetex.sty
Package: ifxetex 2010/09/12 v0.6 Provides ifxetex conditional
)
\Gm@cnth=\count104
\Gm@cntv=\count105
\c@Gm@tempcnt=\count106
\Gm@bindingoffset=\dimen115
\Gm@wd@mp=\dimen116
\Gm@odd@mp=\dimen117
\Gm@even@mp=\dimen118
\Gm@layoutwidth=\dimen119
\Gm@layoutheight=\dimen120
\Gm@layouthoffset=\dimen121
\Gm@layoutvoffset=\dimen122
\Gm@dimlist=\toks17
)
(/usr/share/texmf-dist/tex/latex/graphics/graphicx.sty
Package: graphicx 2017/06/01 v1.1a Enhanced LaTeX Graphics (DPC,SPQR)

(/usr/share/texmf-dist/tex/latex/graphics/graphics.sty
Package: graphics 2017/06/25 v1.2c Standard LaTeX Graphics (DPC,SPQR)

(/usr/share/texmf-dist/tex/latex/graphics/trig.sty
Package: trig 2016/01/03 v1.10 sin cos tan (DPC)
)
(/usr/share/texmf-dist/tex/latex/graphics-cfg/graphics.cfg
File: graphics.cfg 2016/06/04 v1.11 sample graphics configuration
)
Package graphics Info: Driver file: pdftex.def on input line 99.

(/usr/share/texmf-dist/tex/latex/graphics-def/pdftex.def
File: pdftex.def 2017/06/24 v1.0g Graphics/color driver for pdftex
))
\Gin@req@height=\dimen123
\Gin@req@width=\dimen124
)
(/usr/share/texmf-dist/tex/latex/hyperref/hyperref.sty
Package: hyperref 2017/03/14 v6.85a Hypertext links for LaTeX

(/usr/share/texmf-dist/tex/generic/oberdiek/hobsub-hyperref.sty
Package: hobsub-hyperref 2016/05/16 v1.14 Bundle oberdiek, subset hyperref (HO)


(/usr/share/texmf-dist/tex/generic/oberdiek/hobsub-generic.sty
Package: hobsub-generic 2016/05/16 v1.14 Bundle oberdiek, subset generic (HO)
Package: hobsub 2016/05/16 v1.14 Construct package bundles (HO)
Package: infwarerr 2016/05/16 v1.4 Providing info/warning/error messages (HO)
Package: ltxcmds 2016/05/16 v1.23 LaTeX kernel commands for general use (HO)
Package: ifluatex 2016/05/16 v1.4 Provides the ifluatex switch (HO)
Package ifluatex Info: LuaTeX not detected.
Package hobsub Info: Skipping package `ifvtex' (already loaded).
Package: intcalc 2016/05/16 v1.2 Expandable calculations with integers (HO)
Package hobsub Info: Skipping package `ifpdf' (already loaded).
Package: etexcmds 2016/05/16 v1.6 Avoid name clashes with e-TeX commands (HO)
Package etexcmds Info: Could not find \expanded.
(etexcmds)             That can mean that you are not using pdfTeX 1.50 or
(etexcmds)             that some package has redefined \expanded.
(etexcmds)             In the latter case, load this package earlier.
Package: kvsetkeys 2016/05/16 v1.17 Key value parser (HO)
Package: kvdefinekeys 2016/05/16 v1.4 Define keys (HO)
Package: pdftexcmds 2017/03/19 v0.25 Utility functions of pdfTeX for LuaTeX (HO
)
Package pdftexcmds Info: LuaTeX not detected.
Package pdftexcmds Info: \pdf@primitive is available.
Package pdftexcmds Info: \pdf@ifprimitive is available.
Package pdftexcmds Info: \pdfdraftmode found.
Package: pdfescape 2016/05/16 v1.14 Implements pdfTeX's escape features (HO)
Package: bigintcalc 2016/05/16 v1.4 Expandable calculations on big integers (HO
)
Package: bitset 2016/05/16 v1.2 Handle bit-vector datatype (HO)
Package: uniquecounter 2016/05/16 v1.3 Provide unlimited unique counter (HO)
)
Package hobsub Info: Skipping package `hobsub' (already loaded).
Package: letltxmacro 2016/05/16 v1.5 Let assignment for LaTeX macros (HO)
Package: hopatch 2016/05/16 v1.3 Wrapper for package hooks (HO)
Package: xcolor-patch 2016/05/16 xcolor patch
Package: atveryend 2016/05/16 v1.9 Hooks at the very end of document (HO)
Package atveryend Info: \enddocument detected (standard20110627).
Package: atbegshi 2016/06/09 v1.18 At begin shipout hook (HO)
Package: refcount 2016/05/16 v3.5 Data extraction from label references (HO)
Package: hycolor 2016/05/16 v1.8 Color options for hyperref/bookmark (HO)
)
(/usr/share/texmf-dist/tex/latex/oberdiek/auxhook.sty
Package: auxhook 2016/05/16 v1.4 Hooks for auxiliary files (HO)
)
(/usr/share/texmf-dist/tex/latex/oberdiek/kvoptions.sty
Package: kvoptions 2016/05/16 v3.12 Key value format for package options (HO)
)
\@linkdim=\dimen125
\Hy@linkcounter=\count107
\Hy@pagecounter=\count108

(/usr/share/texmf-dist/tex/latex/hyperref/pd1enc.def
File: pd1enc.def 2017/03/14 v6.85a Hyperref: PDFDocEncoding definition (HO)
)
\Hy@SavedSpaceFactor=\count109

(/usr/share/texmf-dist/tex/latex/latexconfig/hyperref.cfg
File: hyperref.cfg 2002/06/06 v1.2 hyperref configuration of TeXLive
)
Package hyperref Info: Hyper figures OFF on input line 4498.
Package hyperref Info: Link nesting OFF on input line 4503.
Package hyperref Info: Hyper index ON on input line 4506.
Package hyperref Info: Plain pages OFF on input line 4513.
Package hyperref Info: Backreferencing OFF on input line 4518.
Package hyperref Info: Implicit mode ON; LaTeX internals redefined.
Package hyperref Info: Bookmarks ON on input line 4751.
\c@Hy@tempcnt=\count110

(/usr/share/texmf-dist/tex/latex/url/url.sty
\Urlmuskip=\muskip10
Package: url 2013/09/16  ver 3.4  Verb mode for urls, etc.
)
LaTeX Info: Redefining \url on input line 5104.
\XeTeXLinkMargin=\dimen126
\Fld@menulength=\count111
\Field@Width=\dimen127
\Fld@charsize=\dimen128
Package hyperref Info: Hyper figures OFF on input line 6358.
Package hyperref Info: Link nesting OFF on input line 6363.
Package hyperref Info: Hyper index ON on input line 6366.
Package hyperref Info: backreferencing OFF on input line 6373.
Package hyperref Info: Link coloring OFF on input line 6378.
Package hyperref Info: Link coloring with OCG OFF on input line 6383.
Package hyperref Info: PDF/A mode OFF on input line 6388.
LaTeX Info: Redefining \ref on input line 6428.
LaTeX Info: Redefining \pageref on input line 6432.
\Hy@abspage=\count112
\c@Item=\count113
\c@Hfootnote=\count114
)

Package hyperref Message: Driver (autodetected): hpdftex.

(/usr/share/texmf-dist/tex/latex/hyperref/hpdftex.def
File: hpdftex.def 2017/03/14 v6.85a Hyperref driver for pdfTeX
\Fld@listcount=\count115
\c@bookmark@seq@number=\count116

(/usr/share/texmf-dist/tex/latex/oberdiek/rerunfilecheck.sty
Package: rerunfilecheck 2016/05/16 v1.8 Rerun checks for auxiliary files (HO)
Package uniquecounter Info: New unique counter `rerunfilecheck' on input line 2
82.
)
\Hy@SectionHShift=\skip47
)
Package hyperref Info: Option `colorlinks' set `true' on input line 6.

(/usr/share/texmf-dist/tex/latex/lipsum/lipsum.sty
Package: lipsum 2014/07/27 v1.3 150 paragraphs of Lorem Ipsum dummy text
\c@lips@count=\count117
)
(/usr/share/texmf-dist/tex/latex/xcolor/xcolor.sty
Package: xcolor 2016/05/11 v2.12 LaTeX color extensions (UK)

(/usr/share/texmf-dist/tex/latex/graphics-cfg/color.cfg
File: color.cfg 2016/01/02 v1.6 sample color configuration
)
Package xcolor Info: Driver file: pdftex.def on input line 225.
Package xcolor Info: Model `cmy' substituted by `cmy0' on input line 1348.
Package xcolor Info: Model `hsb' substituted by `rgb' on input line 1352.
Package xcolor Info: Model `RGB' extended on input line 1364.
Package xcolor Info: Model `HTML' substituted by `rgb' on input line 1366.
Package xcolor Info: Model `Hsb' substituted by `hsb' on input line 1367.
Package xcolor Info: Model `tHsb' substituted by `hsb' on input line 1368.
Package xcolor Info: Model `HSB' substituted by `hsb' on input line 1369.
Package xcolor Info: Model `Gray' substituted by `gray' on input line 1370.
Package xcolor Info: Model `wave' substituted by `hsb' on input line 1371.
)
(/usr/share/texmf-dist/tex/latex/pdfpages/pdfpages.sty
Package: pdfpages 2017/07/14 v0.5j Insert pages of external PDF documents (AM)

(/usr/share/texmf-dist/tex/latex/base/ifthen.sty
Package: ifthen 2014/09/29 v1.1c Standard LaTeX ifthen package (DPC)
)
(/usr/share/texmf-dist/tex/latex/tools/calc.sty
Package: calc 2014/10/28 v4.3 Infix arithmetic (KKT,FJ)
\calc@Acount=\count118
\calc@Bcount=\count119
\calc@Adimen=\dimen129
\calc@Bdimen=\dimen130
\calc@Askip=\skip48
\calc@Bskip=\skip49
LaTeX Info: Redefining \setlength on input line 80.
LaTeX Info: Redefining \addtolength on input line 81.
\calc@Ccount=\count120
\calc@Cskip=\skip50
)
(/usr/share/texmf-dist/tex/latex/eso-pic/eso-pic.sty
Package: eso-pic 2015/07/21 v2.0g eso-pic (RN)
)
\AM@pagewidth=\dimen131
\AM@pageheight=\dimen132

(/usr/share/texmf-dist/tex/latex/pdfpages/pppdftex.def
File: pppdftex.def 2017/07/14 v0.5j Pdfpages driver for pdfTeX (AM)
)
\AM@pagebox=\box52
\AM@global@opts=\toks18
\AM@toc@title=\toks19
\c@AM@survey=\count121
\AM@templatesizebox=\box53
)
(/usr/share/texmf-dist/tex/latex/listings/listings.sty
\lst@mode=\count122
\lst@gtempboxa=\box54
\lst@token=\toks20
\lst@length=\count123
\lst@currlwidth=\dimen133
\lst@column=\count124
\lst@pos=\count125
\lst@lostspace=\dimen134
\lst@width=\dimen135
\lst@newlines=\count126
\lst@lineno=\count127
\lst@maxwidth=\dimen136

(/usr/share/texmf-dist/tex/latex/listings/lstmisc.sty
File: lstmisc.sty 2015/06/04 1.6 (Carsten Heinz)
\c@lstnumber=\count128
\lst@skipnumbers=\count129
\lst@framebox=\box55
)
(/usr/share/texmf-dist/tex/latex/listings/listings.cfg
File: listings.cfg 2015/06/04 1.6 listings configuration
))
Package: listings 2015/06/04 1.6 (Carsten Heinz)

(/usr/share/texmf-dist/tex/latex/listings/lstlang1.sty
File: lstlang1.sty 2015/06/04 1.6 listings language file
) (./draftB.aux)
\openout1 = `draftB.aux'.

LaTeX Font Info:    Checking defaults for OML/cmm/m/it on input line 56.
LaTeX Font Info:    ... okay on input line 56.
LaTeX Font Info:    Checking defaults for T1/cmr/m/n on input line 56.
LaTeX Font Info:    ... okay on input line 56.
LaTeX Font Info:    Checking defaults for OT1/cmr/m/n on input line 56.
LaTeX Font Info:    ... okay on input line 56.
LaTeX Font Info:    Checking defaults for OMS/cmsy/m/n on input line 56.
LaTeX Font Info:    ... okay on input line 56.
LaTeX Font Info:    Checking defaults for OMX/cmex/m/n on input line 56.
LaTeX Font Info:    ... okay on input line 56.
LaTeX Font Info:    Checking defaults for U/cmr/m/n on input line 56.
LaTeX Font Info:    ... okay on input line 56.
LaTeX Font Info:    Checking defaults for PD1/pdf/m/n on input line 56.
LaTeX Font Info:    ... okay on input line 56.
Package doc Info: Made | a short reference for \verb on input line 56.

*geometry* driver: auto-detecting
*geometry* detected driver: pdftex
*geometry* verbose mode - [ preamble ] result:
* driver: pdftex
* paper: letterpaper
* layout: <same size as paper>
* layoutoffset:(h,v)=(0.0pt,0.0pt)
* modes: 
* h-part:(L,W,R)=(85.35826pt, 443.57848pt, 85.35826pt)
* v-part:(T,H,B)=(42.67912pt, 656.8935pt, 95.39737pt)
* \paperwidth=614.295pt
* \paperheight=794.96999pt
* \textwidth=443.57848pt
* \textheight=656.8935pt
* \oddsidemargin=13.08827pt
* \evensidemargin=13.08827pt
* \topmargin=-66.59087pt
* \headheight=12.0pt
* \headsep=25.0pt
* \topskip=10.0pt
* \footskip=30.0pt
* \marginparwidth=85.35826pt
* \marginparsep=11.0pt
* \columnsep=10.0pt
* \skip\footins=9.0pt plus 4.0pt minus 2.0pt
* \hoffset=0.0pt
* \voffset=0.0pt
* \mag=1000
* \@twocolumnfalse
* \@twosidefalse
* \@mparswitchfalse
* \@reversemargintrue
* (1in=72.27pt=25.4mm, 1cm=28.453pt)

(/usr/share/texmf-dist/tex/context/base/mkii/supp-pdf.mkii
[Loading MPS to PDF converter (version 2006.09.02).]
\scratchcounter=\count130
\scratchdimen=\dimen137
\scratchbox=\box56
\nofMPsegments=\count131
\nofMParguments=\count132
\everyMPshowfont=\toks21
\MPscratchCnt=\count133
\MPscratchDim=\dimen138
\MPnumerator=\count134
\makeMPintoPDFobject=\count135
\everyMPtoPDFconversion=\toks22
) (/usr/share/texmf-dist/tex/latex/oberdiek/epstopdf-base.sty
Package: epstopdf-base 2016/05/15 v2.6 Base part for package epstopdf

(/usr/share/texmf-dist/tex/latex/oberdiek/grfext.sty
Package: grfext 2016/05/16 v1.2 Manage graphics extensions (HO)
)
Package epstopdf-base Info: Redefining graphics rule for `.eps' on input line 4
38.
Package grfext Info: Graphics extension search list:
(grfext)             [.pdf,.png,.jpg,.mps,.jpeg,.jbig2,.jb2,.PDF,.PNG,.JPG,.JPE
G,.JBIG2,.JB2,.eps]
(grfext)             \AppendGraphicsExtensions on input line 456.

(/usr/share/texmf-dist/tex/latex/latexconfig/epstopdf-sys.cfg
File: epstopdf-sys.cfg 2010/07/13 v1.3 Configuration of (r)epstopdf for TeX Liv
e
))
\AtBeginShipoutBox=\box57
Package hyperref Info: Link coloring ON on input line 56.

(/usr/share/texmf-dist/tex/latex/hyperref/nameref.sty
Package: nameref 2016/05/21 v2.44 Cross-referencing by name of section

(/usr/share/texmf-dist/tex/generic/oberdiek/gettitlestring.sty
Package: gettitlestring 2016/05/16 v1.5 Cleanup title references (HO)
)
\c@section@level=\count136
)
LaTeX Info: Redefining \ref on input line 56.
LaTeX Info: Redefining \pageref on input line 56.
LaTeX Info: Redefining \nameref on input line 56.
 (./draftB.out) (./draftB.out)
\@outlinefile=\write3
\openout3 = `draftB.out'.

 (/usr/share/texmf-dist/tex/latex/oberdiek/pdflscape.sty
Package: pdflscape 2016/05/14 v0.11 Display of landscape pages in PDF (HO)

(/usr/share/texmf-dist/tex/latex/graphics/lscape.sty
Package: lscape 2000/10/22 v3.01 Landscape Pages (DPC)
)
Package pdflscape Info: Auto-detected driver: pdftex on input line 81.
)
\c@lstlisting=\count137
LaTeX Font Info:    External font `cmex10' loaded for size
(Font)              <12> on input line 62.
LaTeX Font Info:    External font `cmex10' loaded for size
(Font)              <8> on input line 62.
LaTeX Font Info:    External font `cmex10' loaded for size
(Font)              <6> on input line 62.
 (./draftB.toc
LaTeX Font Info:    External font `cmex10' loaded for size
(Font)              <9> on input line 3.
LaTeX Font Info:    External font `cmex10' loaded for size
(Font)              <5> on input line 3.

Underfull \hbox (badness 10000) in paragraph at lines 7--7
 [][] [][][]\OT1/cmr/m/n/9 Generating dump files 
 []


Underfull \hbox (badness 10000) in paragraph at lines 13--13
 [][] [][][]\OT1/cmr/m/n/9 Converting the graph 
 []


Underfull \hbox (badness 10000) in paragraph at lines 19--19
 [][] [][][]\OT1/cmr/m/n/9 Dealing with 
 []

)
\tf@toc=\write4
\openout4 = `draftB.toc'.

Package epstopdf Info: Source file: <toolchainVec.eps>
(epstopdf)                    date: 2017-08-30 16:09:03
(epstopdf)                    size: 36389 bytes
(epstopdf)             Output file: <toolchainVec-eps-converted-to.pdf>
(epstopdf)                    date: 2017-08-30 16:09:03
(epstopdf)                    size: 13776 bytes
(epstopdf)             Command: <repstopdf --outfile=toolchainVec-eps-converted
-to.pdf toolchainVec.eps>
(epstopdf)             \includegraphics on input line 75.
Package epstopdf Info: Output file is already uptodate.
<toolchainVec-eps-converted-to.pdf, id=134, pagebox=cropbox, 562.1pt x 64.24pt>

File: toolchainVec-eps-converted-to.pdf Graphic file (type pdf)
<use toolchainVec-eps-converted-to.pdf>
Package pdftex.def Info: toolchainVec-eps-converted-to.pdf  used on input line 
75. on input line 75.
Package pdftex.def Info: Requested size: 443.57382pt x 50.69414pt on input line
 75.
LaTeX Font Info:    Try loading font information for OMS+cmr on input line 83.
 (/usr/share/texmf-dist/tex/latex/base/omscmr.fd
File: omscmr.fd 2014/09/29 v2.5h Standard LaTeX font definitions
)
LaTeX Font Info:    Font shape `OMS/cmr/m/n' in size <9> not available
(Font)              Font shape `OMS/cmsy/m/n' tried instead on input line 83.
 [1

{/var/lib/texmf/fonts/map/pdftex/updmap/pdftex.map} <./toolchainVec-eps-convert
ed-to.pdf>]
LaTeX Font Info:    Font shape `OMS/cmtt/m/n' in size <9> not available
(Font)              Font shape `OMS/cmsy/m/n' tried instead on input line 106.

Overfull \hbox (14.53378pt too wide) in paragraph at lines 105--112
 [] 
 []

[2] (/usr/share/texmf-dist/tex/latex/listings/lstlang1.sty
File: lstlang1.sty 2015/06/04 1.6 listings language file
)
(/usr/share/texmf-dist/tex/latex/listings/lstlang1.sty
File: lstlang1.sty 2015/06/04 1.6 listings language file
) [3] [4]
Overfull \hbox (14.53378pt too wide) in paragraph at lines 274--285
 [] 
 []

Missing character: There is no ‚ in font cmr9!
Missing character: There is no Ä in font cmr9!
Missing character: There is no ì in font cmr9!
[5]
Underfull \hbox (badness 10000) in paragraph at lines 344--344
[]\OT1/cmtt/m/n/9 doforeachfunc(integer[],
 []

Missing character: There is no ‚ in font cmr9!
Missing character: There is no Ä in font cmr9!
Missing character: There is no ô in font cmr9!

Overfull \hbox (14.53378pt too wide) in paragraph at lines 339--346
 [] 
 []

Package epstopdf Info: Source file: <schemaConv.eps>
(epstopdf)                    date: 2017-08-30 16:09:03
(epstopdf)                    size: 116852 bytes
(epstopdf)             Output file: <schemaConv-eps-converted-to.pdf>
(epstopdf)                    date: 2017-08-30 16:09:03
(epstopdf)                    size: 42059 bytes
(epstopdf)             Command: <repstopdf --outfile=schemaConv-eps-converted-t
o.pdf schemaConv.eps>
(epstopdf)             \includegraphics on input line 357.
Package epstopdf Info: Output file is already uptodate.
<schemaConv-eps-converted-to.pdf, id=267, pagebox=cropbox, 567.11874pt x 703.62
875pt>
File: schemaConv-eps-converted-to.pdf Graphic file (type pdf)
<use schemaConv-eps-converted-to.pdf>
Package pdftex.def Info: schemaConv-eps-converted-to.pdf  used on input line 35
7. on input line 357.
Package pdftex.def Info: Requested size: 443.58829pt x 550.36354pt on input lin
e 357.
[6] [7 <./schemaConv-eps-converted-to.pdf>]
Overfull \hbox (14.53377pt too wide) in paragraph at lines 422--427
 [] 
 []

<ss1.png, id=292, 224.3655pt x 124.83pt>
File: ss1.png Graphic file (type png)
<use ss1.png>
Package pdftex.def Info: ss1.png  used on input line 438. on input line 438.
Package pdftex.def Info: Requested size: 443.61852pt x 246.81557pt on input lin
e 438.
<ss2.png, id=293, 228.9645pt x 85.7385pt>
File: ss2.png Graphic file (type png)
<use ss2.png>
Package pdftex.def Info: ss2.png  used on input line 444. on input line 444.
Package pdftex.def Info: Requested size: 443.62805pt x 166.12184pt on input lin
e 444.

LaTeX Warning: `h' float specifier changed to `ht'.

[8 <./ss1.png>] [9 <./ss2.png>]
Overfull \hbox (55.21823pt too wide) in paragraph at lines 526--528
[]\OT1/cmr/m/n/9 Property stored with node: \OT1/cmtt/m/n/9 [node[]id="p1or@nul
l$lt#345#tl~p2and@(($gt#800#tg~p4null@)$eq#983#qe",
 []


Overfull \hbox (14.53377pt too wide) in paragraph at lines 539--554
 [] 
 []

[10]
Missing character: There is no ‚ in font cmr9!
Missing character: There is no Ä in font cmr9!
Missing character: There is no ú in font cmr9!
Missing character: There is no ‚ in font cmr9!
Missing character: There is no Ä in font cmr9!
Missing character: There is no ù in font cmr9!
<iterateGraph.png, id=331, 438.8897pt x 408.77719pt>
File: iterateGraph.png Graphic file (type png)
<use iterateGraph.png>
Package pdftex.def Info: iterateGraph.png  used on input line 585. on input lin
e 585.
Package pdftex.def Info: Requested size: 307.22069pt x 286.14207pt on input lin
e 585.


LaTeX Warning: `h' float specifier changed to `ht'.

[11]
LaTeX Font Info:    External font `cmex10' loaded for size
(Font)              <7> on input line 597.
 [12 <./iterateGraph.png>]

pdfTeX warning: /usr/bin/pdflatex (file ./workflow.pdf): PDF inclusion: found P
DF version <1.7>, but at most version <1.5> allowed
<workflow.pdf, id=354, pagebox=cropbox, 597.55246pt x 845.07718pt>
File: workflow.pdf Graphic file (type pdf)
<use workflow.pdf>
Package pdftex.def Info: workflow.pdf  used on input line 622. on input line 62
2.
Package pdftex.def Info: Requested size: 597.551pt x 845.07512pt on input line 
622.


pdfTeX warning: /usr/bin/pdflatex (file ./workflow.pdf): PDF inclusion: found P
DF version <1.7>, but at most version <1.5> allowed
File: workflow.pdf Graphic file (type pdf)
<use workflow.pdf>
Package pdftex.def Info: workflow.pdf  used on input line 622. on input line 62
2.
Package pdftex.def Info: Requested size: 597.551pt x 845.07512pt on input line 
622.


pdfTeX warning: /usr/bin/pdflatex (file ./workflow.pdf): PDF inclusion: found P
DF version <1.7>, but at most version <1.5> allowed


pdfTeX warning: /usr/bin/pdflatex (file ./workflow.pdf): PDF inclusion: found P
DF version <1.7>, but at most version <1.5> allowed
<workflow.pdf, id=357, page=1, pagebox=cropbox, 597.55246pt x 845.07718pt>
File: workflow.pdf Graphic file (type pdf)
<use workflow.pdf, page 1>
Package pdftex.def Info: workflow.pdf , page1 used on input line 622. on input 
line 622.
Package pdftex.def Info: Requested size: 597.551pt x 845.07512pt on input line 
622.
File: workflow.pdf Graphic file (type pdf)
<use workflow.pdf, page 1>
Package pdftex.def Info: workflow.pdf , page1 used on input line 622. on input 
line 622.
Package pdftex.def Info: Requested size: 562.1644pt x 795.0303pt on input line 
622.
File: workflow.pdf Graphic file (type pdf)
<use workflow.pdf, page 1>
Package pdftex.def Info: workflow.pdf , page1 used on input line 622. on input 
line 622.
Package pdftex.def Info: Requested size: 562.1644pt x 795.0303pt on input line 
622.
File: workflow.pdf Graphic file (type pdf)
<use workflow.pdf, page 1>
Package pdftex.def Info: workflow.pdf , page1 used on input line 622. on input 
line 622.
Package pdftex.def Info: Requested size: 562.1644pt x 795.0303pt on input line 
622.
File: workflow.pdf Graphic file (type pdf)
<use workflow.pdf, page 1>
Package pdftex.def Info: workflow.pdf , page1 used on input line 622. on input 
line 622.
Package pdftex.def Info: Requested size: 562.1644pt x 795.0303pt on input line 
622.
[13 <./workflow.pdf>]

pdfTeX warning: /usr/bin/pdflatex (file ./workflow.pdf): PDF inclusion: found P
DF version <1.7>, but at most version <1.5> allowed
<workflow.pdf, id=399, page=2, pagebox=cropbox, 597.55246pt x 845.07718pt>
File: workflow.pdf Graphic file (type pdf)
<use workflow.pdf, page 2>
Package pdftex.def Info: workflow.pdf , page2 used on input line 622. on input 
line 622.
Package pdftex.def Info: Requested size: 562.1644pt x 795.0303pt on input line 
622.
File: workflow.pdf Graphic file (type pdf)
<use workflow.pdf, page 2>
Package pdftex.def Info: workflow.pdf , page2 used on input line 622. on input 
line 622.
Package pdftex.def Info: Requested size: 562.1644pt x 795.0303pt on input line 
622.
File: workflow.pdf Graphic file (type pdf)
<use workflow.pdf, page 2>
Package pdftex.def Info: workflow.pdf , page2 used on input line 622. on input 
line 622.
Package pdftex.def Info: Requested size: 562.1644pt x 795.0303pt on input line 
622.
[14 <./workflow.pdf>]

pdfTeX warning: /usr/bin/pdflatex (file ./workflow.pdf): PDF inclusion: found P
DF version <1.7>, but at most version <1.5> allowed
<workflow.pdf, id=405, page=3, pagebox=cropbox, 597.55246pt x 845.07718pt>
File: workflow.pdf Graphic file (type pdf)
<use workflow.pdf, page 3>
Package pdftex.def Info: workflow.pdf , page3 used on input line 622. on input 
line 622.
Package pdftex.def Info: Requested size: 562.1644pt x 795.0303pt on input line 
622.
File: workflow.pdf Graphic file (type pdf)
<use workflow.pdf, page 3>
Package pdftex.def Info: workflow.pdf , page3 used on input line 622. on input 
line 622.
Package pdftex.def Info: Requested size: 562.1644pt x 795.0303pt on input line 
622.
File: workflow.pdf Graphic file (type pdf)
<use workflow.pdf, page 3>
Package pdftex.def Info: workflow.pdf , page3 used on input line 622. on input 
line 622.
Package pdftex.def Info: Requested size: 562.1644pt x 795.0303pt on input line 
622.
[15 <./workflow.pdf>]
<ss3.png, id=420, 1116.42094pt x 738.50906pt>
File: ss3.png Graphic file (type png)
<use ss3.png>
Package pdftex.def Info: ss3.png  used on input line 636. on input line 636.
Package pdftex.def Info: Requested size: 443.5793pt x 293.42636pt on input line
 636.
 [16 <./ss3.png>]
LaTeX Font Info:    Font shape `OT1/cmtt/bx/n' in size <12> not available
(Font)              Font shape `OT1/cmtt/m/n' tried instead on input line 678.
 [17] [18] [19] [20] [21] [22]
Package atveryend Info: Empty hook `BeforeClearDocument' on input line 1031.
 [23]
Package atveryend Info: Empty hook `AfterLastShipout' on input line 1031.

(./draftB.aux)
Package atveryend Info: Executing hook `AtVeryEndDocument' on input line 1031.
Package atveryend Info: Executing hook `AtEndAfterFileList' on input line 1031.

Package rerunfilecheck Info: File `draftB.out' has not changed.
(rerunfilecheck)             Checksum: B2647F3865244DF254227E38B2D99C49;1771.
Package atveryend Info: Empty hook `AtVeryVeryEnd' on input line 1031.
 ) 
Here is how much of TeX's memory you used:
 9130 strings out of 492990
 131521 string characters out of 6138688
 403554 words of memory out of 5000000
 12294 multiletter control sequences out of 15000+600000
 10270 words of font info for 37 fonts, out of 8000000 for 9000
 1141 hyphenation exceptions out of 8191
 40i,18n,47p,525b,1795s stack positions out of 5000i,500n,10000p,200000b,80000s
</usr/share/texmf-dist/fonts/type1/public/amsfonts/cm/cmbx10.pfb></usr/share/
texmf-dist/fonts/type1/public/amsfonts/cm/cmbx12.pfb></usr/share/texmf-dist/fon
ts/type1/public/amsfonts/cm/cmbx9.pfb></usr/share/texmf-dist/fonts/type1/public
/amsfonts/cm/cmmi9.pfb></usr/share/texmf-dist/fonts/type1/public/amsfonts/cm/cm
r10.pfb></usr/share/texmf-dist/fonts/type1/public/amsfonts/cm/cmr12.pfb></usr/s
hare/texmf-dist/fonts/type1/public/amsfonts/cm/cmr5.pfb></usr/share/texmf-dist/
fonts/type1/public/amsfonts/cm/cmr6.pfb></usr/share/texmf-dist/fonts/type1/publ
ic/amsfonts/cm/cmr8.pfb></usr/share/texmf-dist/fonts/type1/public/amsfonts/cm/c
mr9.pfb></usr/share/texmf-dist/fonts/type1/public/amsfonts/cm/cmss17.pfb></usr/
share/texmf-dist/fonts/type1/public/amsfonts/cm/cmsy9.pfb></usr/share/texmf-dis
t/fonts/type1/public/amsfonts/cm/cmti9.pfb></usr/share/texmf-dist/fonts/type1/p
ublic/amsfonts/cm/cmtt12.pfb></usr/share/texmf-dist/fonts/type1/public/amsfonts
/cm/cmtt8.pfb></usr/share/texmf-dist/fonts/type1/public/amsfonts/cm/cmtt9.pfb>
Output written on draftB.pdf (23 pages, 1007768 bytes).
PDF statistics:
 715 PDF objects out of 1000 (max. 8388607)
 637 compressed objects within 7 object streams
 288 named destinations out of 1000 (max. 500000)
 269 words of extra memory for PDF output out of 10000 (max. 10000000)

